<?xml version="1.0" encoding="UTF-8" ?>
<testsuite errors="0" failures="6" hostname="SteggerIT" name="tictactoe.bll.GameBoardTest" skipped="0" tests="9" time="0.047" timestamp="2016-10-02T19:52:15">
  <properties>
[...]
</properties>
  <testcase classname="tictactoe.bll.GameBoardTest" name="testGetWinnerDiagonally" time="0.015">
    <failure message="expected:&lt;true&gt; but was:&lt;false&gt;" type="junit.framework.AssertionFailedError">junit.framework.AssertionFailedError: expected:&lt;true&gt; but was:&lt;false&gt;
	at tictactoe.bll.GameBoardTest.testGetWinnerDiagonally(GameBoardTest.java:162)
</failure>
  </testcase>
  <testcase classname="tictactoe.bll.GameBoardTest" name="testGetNextPlayerAfterOneRound" time="0.0">
    <failure message="expected:&lt;1&gt; but was:&lt;0&gt;" type="junit.framework.AssertionFailedError">junit.framework.AssertionFailedError: expected:&lt;1&gt; but was:&lt;0&gt;
	at tictactoe.bll.GameBoardTest.testGetNextPlayerAfterOneRound(GameBoardTest.java:40)
</failure>
  </testcase>
  <testcase classname="tictactoe.bll.GameBoardTest" name="testPlayAtZeroZero" time="0.0" />
  <testcase classname="tictactoe.bll.GameBoardTest" name="testPlayAtTakenSpot" time="0.0">
    <failure message="expected:&lt;false&gt; but was:&lt;true&gt;" type="junit.framework.AssertionFailedError">junit.framework.AssertionFailedError: expected:&lt;false&gt; but was:&lt;true&gt;
	at tictactoe.bll.GameBoardTest.testPlayAtTakenSpot(GameBoardTest.java:83)
</failure>
  </testcase>
  <testcase classname="tictactoe.bll.GameBoardTest" name="testGetNextPlayer" time="0.0" />
  <testcase classname="tictactoe.bll.GameBoardTest" name="testGetWinnerPlayerZeroVeritcal" time="0.0">
    <failure message="expected:&lt;0&gt; but was:&lt;-1&gt;" type="junit.framework.AssertionFailedError">junit.framework.AssertionFailedError: expected:&lt;0&gt; but was:&lt;-1&gt;
	at tictactoe.bll.GameBoardTest.testGetWinnerPlayerZeroVeritcal(GameBoardTest.java:121)
</failure>
  </testcase>
  <testcase classname="tictactoe.bll.GameBoardTest" name="testGetWinnerPlayerOneHorizontal" time="0.0">
    <failure type="junit.framework.AssertionFailedError">junit.framework.AssertionFailedError
	at tictactoe.bll.GameBoardTest.testGetWinnerPlayerOneHorizontal(GameBoardTest.java:142)
</failure>
  </testcase>
  <testcase classname="tictactoe.bll.GameBoardTest" name="testPlayAtOneOne" time="0.0" />
  <testcase classname="tictactoe.bll.GameBoardTest" name="testIsGameOver" time="0.0">
    <failure message="expected:&lt;true&gt; but was:&lt;false&gt;" type="junit.framework.AssertionFailedError">junit.framework.AssertionFailedError: expected:&lt;true&gt; but was:&lt;false&gt;
	at tictactoe.bll.GameBoardTest.testIsGameOver(GameBoardTest.java:102)
</failure>
  </testcase>
  <system-out><![CDATA[]]></system-out>
  <system-err><![CDATA[]]></system-err>
</testsuite>
